0 info it worked if it ends with ok
1 verbose cli [ '/usr/local/bin/node',
1 verbose cli   '/usr/local/bin/npm',
1 verbose cli   'install',
1 verbose cli   '-g',
1 verbose cli   'superagent-cli' ]
2 info using npm@1.4.28
3 info using node@v0.10.33
4 verbose cache add [ 'superagent-cli', null ]
5 verbose cache add name=undefined spec="superagent-cli" args=["superagent-cli",null]
6 verbose parsed url { protocol: null,
6 verbose parsed url   slashes: null,
6 verbose parsed url   auth: null,
6 verbose parsed url   host: null,
6 verbose parsed url   port: null,
6 verbose parsed url   hostname: null,
6 verbose parsed url   hash: null,
6 verbose parsed url   search: null,
6 verbose parsed url   query: null,
6 verbose parsed url   pathname: 'superagent-cli',
6 verbose parsed url   path: 'superagent-cli',
6 verbose parsed url   href: 'superagent-cli' }
7 silly lockFile 527ab8d6-superagent-cli superagent-cli
8 verbose lock superagent-cli /home/makakoa/.npm/527ab8d6-superagent-cli.lock
9 silly lockFile 527ab8d6-superagent-cli superagent-cli
10 silly lockFile 527ab8d6-superagent-cli superagent-cli
11 verbose addNamed [ 'superagent-cli', '' ]
12 verbose addNamed [ null, '*' ]
13 silly lockFile 4c69debd-superagent-cli superagent-cli@
14 verbose lock superagent-cli@ /home/makakoa/.npm/4c69debd-superagent-cli.lock
15 silly addNameRange { name: 'superagent-cli', range: '*', hasData: false }
16 verbose request where is /superagent-cli
17 verbose request registry https://registry.npmjs.org/
18 verbose request id 2d1ab59afa9cf749
19 verbose url raw /superagent-cli
20 verbose url resolving [ 'https://registry.npmjs.org/', './superagent-cli' ]
21 verbose url resolved https://registry.npmjs.org/superagent-cli
22 verbose request where is https://registry.npmjs.org/superagent-cli
23 info trying registry request attempt 1 at 17:04:51
24 http GET https://registry.npmjs.org/superagent-cli
25 http 200 https://registry.npmjs.org/superagent-cli
26 silly registry.get cb [ 200,
26 silly registry.get   { date: 'Wed, 05 Nov 2014 01:04:52 GMT',
26 silly registry.get     server: 'CouchDB/1.5.0 (Erlang OTP/R16B03)',
26 silly registry.get     etag: '"EGTYK34CV62GR1N4G6H3J9LT8"',
26 silly registry.get     'content-type': 'application/json',
26 silly registry.get     'cache-control': 'max-age=60',
26 silly registry.get     'content-length': '2586',
26 silly registry.get     'accept-ranges': 'bytes',
26 silly registry.get     via: '1.1 varnish',
26 silly registry.get     age: '0',
26 silly registry.get     'x-served-by': 'cache-lax1435-LAX',
26 silly registry.get     'x-cache': 'MISS',
26 silly registry.get     'x-cache-hits': '0',
26 silly registry.get     'x-timer': 'S1415149491.995903,VS0,VE44',
26 silly registry.get     vary: 'Accept',
26 silly registry.get     'keep-alive': 'timeout=10, max=50',
26 silly registry.get     connection: 'Keep-Alive' } ]
27 silly addNameRange number 2 { name: 'superagent-cli', range: '*', hasData: true }
28 silly addNameRange versions [ 'superagent-cli', [ '1.0.0' ] ]
29 verbose addNamed [ 'superagent-cli', '1.0.0' ]
30 verbose addNamed [ '1.0.0', '1.0.0' ]
31 silly lockFile a5290b23-superagent-cli-1-0-0 superagent-cli@1.0.0
32 verbose lock superagent-cli@1.0.0 /home/makakoa/.npm/a5290b23-superagent-cli-1-0-0.lock
33 silly lockFile 78d65ca7-ent-cli-superagent-cli-1-0-0-tgz https://registry.npmjs.org/superagent-cli/-/superagent-cli-1.0.0.tgz
34 verbose lock https://registry.npmjs.org/superagent-cli/-/superagent-cli-1.0.0.tgz /home/makakoa/.npm/78d65ca7-ent-cli-superagent-cli-1-0-0-tgz.lock
35 verbose addRemoteTarball [ 'https://registry.npmjs.org/superagent-cli/-/superagent-cli-1.0.0.tgz',
35 verbose addRemoteTarball   '6c2af52420351bba6403f030c6724de84e021b35' ]
36 info retry fetch attempt 1 at 17:04:52
37 verbose fetch to= /tmp/npm-7753-Y_OCeQgy/registry.npmjs.org/superagent-cli/-/superagent-cli-1.0.0.tgz
38 http GET https://registry.npmjs.org/superagent-cli/-/superagent-cli-1.0.0.tgz
39 http 200 https://registry.npmjs.org/superagent-cli/-/superagent-cli-1.0.0.tgz
40 silly lockFile 78d65ca7-ent-cli-superagent-cli-1-0-0-tgz https://registry.npmjs.org/superagent-cli/-/superagent-cli-1.0.0.tgz
41 silly lockFile 78d65ca7-ent-cli-superagent-cli-1-0-0-tgz https://registry.npmjs.org/superagent-cli/-/superagent-cli-1.0.0.tgz
42 silly lockFile a5290b23-superagent-cli-1-0-0 superagent-cli@1.0.0
43 silly lockFile a5290b23-superagent-cli-1-0-0 superagent-cli@1.0.0
44 silly lockFile 4c69debd-superagent-cli superagent-cli@
45 silly lockFile 4c69debd-superagent-cli superagent-cli@
46 silly resolved [ { name: 'superagent-cli',
46 silly resolved     version: '1.0.0',
46 silly resolved     description: 'A cli wrapper for super agent',
46 silly resolved     main: 'index.js',
46 silly resolved     scripts: { test: 'mocha test/*test.js' },
46 silly resolved     repository:
46 silly resolved      { type: 'git',
46 silly resolved        url: 'https://github.com/toastynerd/superagent-cli' },
46 silly resolved     keywords: [ 'superagent', 'rest', 'cli' ],
46 silly resolved     author: { name: 'Tyler Morgan', email: 'tyler@codefellows.org' },
46 silly resolved     licenses: [ [Object] ],
46 silly resolved     bugs: { url: 'https://github.com/toastynerd/superagent-cli/issues' },
46 silly resolved     bin: { superagent: './bin/superagent' },
46 silly resolved     homepage: 'https://github.com/toastynerd/superagent-cli',
46 silly resolved     dependencies: { superagent: '^0.18.2' },
46 silly resolved     devDependencies:
46 silly resolved      { 'app-root-path': '^0.1.0',
46 silly resolved        'body-parser': '^1.6.5',
46 silly resolved        chai: '^1.9.1',
46 silly resolved        express: '^4.8.5',
46 silly resolved        sinon: '^1.10.3' },
46 silly resolved     gitHead: '164101f6007431008c7327b2e1eddd38cb2b447d',
46 silly resolved     _id: 'superagent-cli@1.0.0',
46 silly resolved     _shasum: '6c2af52420351bba6403f030c6724de84e021b35',
46 silly resolved     _from: 'superagent-cli@',
46 silly resolved     _npmVersion: '1.4.23',
46 silly resolved     _npmUser: { name: 'toastynerd', email: 'tyler@codefellows.com' },
46 silly resolved     maintainers: [ [Object] ],
46 silly resolved     dist:
46 silly resolved      { shasum: '6c2af52420351bba6403f030c6724de84e021b35',
46 silly resolved        tarball: 'http://registry.npmjs.org/superagent-cli/-/superagent-cli-1.0.0.tgz' },
46 silly resolved     directories: {},
46 silly resolved     _resolved: 'https://registry.npmjs.org/superagent-cli/-/superagent-cli-1.0.0.tgz' } ]
47 info install superagent-cli@1.0.0 into /usr/local/lib
48 info installOne superagent-cli@1.0.0
49 verbose lib/node_modules/superagent-cli unbuild
50 verbose tar unpack /home/makakoa/.npm/superagent-cli/1.0.0/package.tgz
51 silly lockFile 7f019836--lib-node-modules-superagent-cli tar:///usr/local/lib/node_modules/superagent-cli
52 verbose lock tar:///usr/local/lib/node_modules/superagent-cli /home/makakoa/.npm/7f019836--lib-node-modules-superagent-cli.lock
53 silly lockFile 426a0dbd-superagent-cli-1-0-0-package-tgz tar:///home/makakoa/.npm/superagent-cli/1.0.0/package.tgz
54 verbose lock tar:///home/makakoa/.npm/superagent-cli/1.0.0/package.tgz /home/makakoa/.npm/426a0dbd-superagent-cli-1-0-0-package-tgz.lock
55 silly gunzTarPerm modes [ '775', '664' ]
56 error Error: EACCES, mkdir '/usr/local/lib/node_modules/superagent-cli'
56 error  { [Error: EACCES, mkdir '/usr/local/lib/node_modules/superagent-cli']
56 error   errno: 3,
56 error   code: 'EACCES',
56 error   path: '/usr/local/lib/node_modules/superagent-cli',
56 error   fstream_type: 'Directory',
56 error   fstream_path: '/usr/local/lib/node_modules/superagent-cli',
56 error   fstream_class: 'DirWriter',
56 error   fstream_stack:
56 error    [ '/usr/local/lib/node_modules/npm/node_modules/fstream/lib/dir-writer.js:36:23',
56 error      '/usr/local/lib/node_modules/npm/node_modules/mkdirp/index.js:46:53',
56 error      'Object.oncomplete (fs.js:107:15)' ] }
57 error Please try running this command again as root/Administrator.
58 error System Linux 3.17.0-031700-generic
59 error command "/usr/local/bin/node" "/usr/local/bin/npm" "install" "-g" "superagent-cli"
60 error cwd /home/makakoa/Documents/codefellows/simple_json_database
61 error node -v v0.10.33
62 error npm -v 1.4.28
63 error path /usr/local/lib/node_modules/superagent-cli
64 error fstream_path /usr/local/lib/node_modules/superagent-cli
65 error fstream_type Directory
66 error fstream_class DirWriter
67 error code EACCES
68 error errno 3
69 error stack Error: EACCES, mkdir '/usr/local/lib/node_modules/superagent-cli'
70 error fstream_stack /usr/local/lib/node_modules/npm/node_modules/fstream/lib/dir-writer.js:36:23
70 error fstream_stack /usr/local/lib/node_modules/npm/node_modules/mkdirp/index.js:46:53
70 error fstream_stack Object.oncomplete (fs.js:107:15)
71 verbose exit [ 3, true ]
